#
# An unexpected error has been detected by Java Runtime Environment:
#
#  EXCEPTION_ACCESS_VIOLATION (0xc0000005) at pc=0x6d888cb4, pid=3812, tid=812
#
# Java VM: Java HotSpot(TM) Client VM (1.6.0-b105 mixed mode, sharing)
# Problematic frame:
# V  [jvm.dll+0xc8cb4]
#
# If you would like to submit a bug report, please visit:
#   http://java.sun.com/webapps/bugreport/crash.jsp
#

---------------  T H R E A D  ---------------

Current thread (0x036f2800):  JavaThread "Java2D Disposer" daemon [_thread_in_vm, id=812]

siginfo: ExceptionCode=0xc0000005, reading address 0x0001b659

Registers:
EAX=0x2b743db8, EBX=0x036a34ac, ECX=0x00006d90, EDX=0xfffffffd
ESP=0x03cdf860, EBP=0x036a34a8, ESI=0x036f2800, EDI=0x037030b0
EIP=0x6d888cb4, EFLAGS=0x00010203

Top of Stack: (sp=0x03cdf860)
0x03cdf860:   02a64d5c 03cdfa18 036f28e8 036f2800
0x03cdf870:   036a34ac 00000003 737141d6 02ab98c8
0x03cdf880:   02ab98d0 02ab9cbc 000c7960 03cdf7e8
0x03cdf890:   00000000 000b0000 000e2040 6d94556c
0x03cdf8a0:   03cdfa7c 22ef84b8 02a747c6 00000000
0x03cdf8b0:   03cdf984 036a34a8 000b0000 7c910981
0x03cdf8c0:   000b0608 02a747d4 22ef84b8 02a747c6
0x03cdf8d0:   6d944799 22ef84b8 02a747c6 2b183f88 

Instructions: (pc=0x6d888cb4)
0x6d888ca4:   d0 00 00 00 8b 03 8b 50 08 0f b7 4a 26 8b 50 0c
0x6d888cb4:   8b 44 8a 1c 50 56 8d 4c 24 30 e8 ed e1 0a 00 8b 


Stack: [0x03c90000,0x03ce0000),  sp=0x03cdf860,  free space=318k
Native frames: (J=compiled Java code, j=interpreted, Vv=VM code, C=native code)
V  [jvm.dll+0xc8cb4]

Java frames: (J=compiled Java code, j=interpreted, Vv=VM code)
j  java.awt.Cursor.finalizeImpl(J)V+0
j  java.awt.Cursor.access$000(J)V+1
j  java.awt.Cursor$CursorDisposer.dispose()V+4
j  sun.java2d.Disposer.run()V+26
j  java.lang.Thread.run()V+11
v  ~StubRoutines::call_stub

---------------  P R O C E S S  ---------------

Java Threads: ( => current thread )
  0x02f8ec00 JavaThread "Timer-0" daemon [_thread_blocked, id=3488]
  0x030be800 JavaThread "pool-2-thread-1" [_thread_blocked, id=756]
  0x030be400 JavaThread "pool-1-thread-1" [_thread_blocked, id=2104]
  0x03797800 JavaThread "TimerQueue" daemon [_thread_blocked, id=2876]
  0x0030b800 JavaThread "DestroyJavaVM" [_thread_blocked, id=3504]
  0x03714400 JavaThread "AWT-EventQueue-0" [_thread_blocked, id=800]
  0x036bf800 JavaThread "AWT-Shutdown" [_thread_blocked, id=156]
=>0x036f2800 JavaThread "Java2D Disposer" daemon [_thread_in_vm, id=812]
  0x02ab8800 JavaThread "Low Memory Detector" daemon [_thread_blocked, id=3852]
  0x02ab3c00 JavaThread "CompilerThread0" daemon [_thread_blocked, id=3472]
  0x02ab2c00 JavaThread "Attach Listener" daemon [_thread_blocked, id=3000]
  0x02ab1c00 JavaThread "Signal Dispatcher" daemon [_thread_blocked, id=2832]
  0x02a76c00 JavaThread "Finalizer" daemon [_thread_blocked, id=4044]
  0x02a72800 JavaThread "Reference Handler" daemon [_thread_blocked, id=1044]

Other Threads:
  0x02a69400 VMThread [id=3756]
  0x02ac3400 WatcherThread [id=2388]

VM state:not at safepoint (normal execution)

VM Mutex/Monitor currently owned by a thread: None

Heap
 def new generation   total 2112K, used 29K [0x22970000, 0x22bb0000, 0x22e50000)
  eden space 1920K,   1% used [0x22970000, 0x229775d0, 0x22b50000)
  from space 192K,   0% used [0x22b50000, 0x22b50000, 0x22b80000)
  to   space 192K,   0% used [0x22b80000, 0x22b80000, 0x22bb0000)
 tenured generation   total 27112K, used 16266K [0x22e50000, 0x248ca000, 0x26970000)
   the space 27112K,  59% used [0x22e50000, 0x23e32a00, 0x23e32a00, 0x248ca000)
 compacting perm gen  total 12288K, used 9030K [0x26970000, 0x27570000, 0x2a970000)
   the space 12288K,  73% used [0x26970000, 0x27241898, 0x27241a00, 0x27570000)
    ro space 8192K,  66% used [0x2a970000, 0x2aeb9920, 0x2aeb9a00, 0x2b170000)
    rw space 12288K,  52% used [0x2b170000, 0x2b7b6130, 0x2b7b6200, 0x2bd70000)

Dynamic libraries:
0x00400000 - 0x00423000 	C:\Arquivos de programas\Java\jdk1.6.0\bin\java.exe
0x7c900000 - 0x7c9b6000 	C:\WINDOWS\system32\ntdll.dll
0x7c800000 - 0x7c900000 	C:\WINDOWS\system32\kernel32.dll
0x64d00000 - 0x64d31000 	C:\Arquivos de programas\Alwil Software\Avast5\snxhk.dll
0x77f50000 - 0x77ffb000 	C:\WINDOWS\system32\ADVAPI32.dll
0x77db0000 - 0x77e43000 	C:\WINDOWS\system32\RPCRT4.dll
0x77f20000 - 0x77f31000 	C:\WINDOWS\system32\Secur32.dll
0x7c340000 - 0x7c396000 	C:\Arquivos de programas\Java\jdk1.6.0\jre\bin\msvcr71.dll
0x6d7c0000 - 0x6da07000 	C:\Arquivos de programas\Java\jdk1.6.0\jre\bin\client\jvm.dll
0x7e360000 - 0x7e3f1000 	C:\WINDOWS\system32\USER32.dll
0x77e50000 - 0x77e99000 	C:\WINDOWS\system32\GDI32.dll
0x76b20000 - 0x76b4e000 	C:\WINDOWS\system32\WINMM.dll
0x6d310000 - 0x6d318000 	C:\Arquivos de programas\Java\jdk1.6.0\jre\bin\hpi.dll
0x76bd0000 - 0x76bdb000 	C:\WINDOWS\system32\PSAPI.DLL
0x6d770000 - 0x6d77c000 	C:\Arquivos de programas\Java\jdk1.6.0\jre\bin\verify.dll
0x6d3b0000 - 0x6d3cf000 	C:\Arquivos de programas\Java\jdk1.6.0\jre\bin\java.dll
0x6d7b0000 - 0x6d7bf000 	C:\Arquivos de programas\Java\jdk1.6.0\jre\bin\zip.dll
0x6d000000 - 0x6d1c3000 	C:\Arquivos de programas\Java\jdk1.6.0\jre\bin\awt.dll
0x72fb0000 - 0x72fd6000 	C:\WINDOWS\system32\WINSPOOL.DRV
0x77bf0000 - 0x77c48000 	C:\WINDOWS\system32\msvcrt.dll
0x76360000 - 0x7637d000 	C:\WINDOWS\system32\IMM32.dll
0x774c0000 - 0x775fe000 	C:\WINDOWS\system32\ole32.dll
0x5b1c0000 - 0x5b1f8000 	C:\WINDOWS\system32\uxtheme.dll
0x73710000 - 0x7375b000 	C:\WINDOWS\system32\ddraw.dll
0x73b70000 - 0x73b76000 	C:\WINDOWS\system32\DCIMAN32.dll
0x6d2b0000 - 0x6d303000 	C:\Arquivos de programas\Java\jdk1.6.0\jre\bin\fontmanager.dll
0x746e0000 - 0x7472c000 	C:\WINDOWS\system32\MSCTF.dll
0x600e0000 - 0x600ea000 	C:\Documents and Settings\All Users\Dados de aplicativos\Real\RealPlayer\BrowserRecordPlugin\Chrome\Hook\rpchromebrowserrecordhelper.dll
0x7c3a0000 - 0x7c41b000 	C:\WINDOWS\system32\MSVCP71.dll
0x7c9c0000 - 0x7d1de000 	C:\WINDOWS\system32\SHELL32.dll
0x77ea0000 - 0x77f16000 	C:\WINDOWS\system32\SHLWAPI.dll
0x773b0000 - 0x774b3000 	C:\WINDOWS\WinSxS\x86_Microsoft.Windows.Common-Controls_6595b64144ccf1df_6.0.2600.6028_x-ww_61e65202\comctl32.dll
0x5d510000 - 0x5d5aa000 	C:\WINDOWS\system32\comctl32.dll
0x6d570000 - 0x6d583000 	C:\Arquivos de programas\Java\jdk1.6.0\jre\bin\net.dll
0x71a70000 - 0x71a87000 	C:\WINDOWS\system32\WS2_32.dll
0x71a60000 - 0x71a68000 	C:\WINDOWS\system32\WS2HELP.dll
0x6d590000 - 0x6d599000 	C:\Arquivos de programas\Java\jdk1.6.0\jre\bin\nio.dll
0x77100000 - 0x7718b000 	C:\WINDOWS\system32\OLEAUT32.DLL
0x5bcb0000 - 0x5bd05000 	C:\WINDOWS\system32\netapi32.dll
0x71ae0000 - 0x71af2000 	C:\WINDOWS\system32\MPR.dll
0x75f30000 - 0x75f37000 	C:\WINDOWS\System32\drprov.dll
0x71be0000 - 0x71bee000 	C:\WINDOWS\System32\ntlanman.dll
0x71ca0000 - 0x71cb7000 	C:\WINDOWS\System32\NETUI0.dll
0x71c60000 - 0x71ca0000 	C:\WINDOWS\System32\NETUI1.dll
0x71c50000 - 0x71c57000 	C:\WINDOWS\System32\NETRAP.dll
0x71bc0000 - 0x71bd3000 	C:\WINDOWS\System32\SAMLIB.dll
0x75f40000 - 0x75f4a000 	C:\WINDOWS\System32\davclnt.dll
0x77900000 - 0x77b76000 	C:\WINDOWS\system32\SETUPAPI.dll
0x04180000 - 0x041a2000 	C:\WINDOWS\system32\appHelp.dll
0x76fb0000 - 0x7702f000 	C:\WINDOWS\system32\CLBCATQ.DLL
0x041b0000 - 0x04328000 	C:\WINDOWS\system32\COMRes.dll
0x77be0000 - 0x77be8000 	C:\WINDOWS\system32\VERSION.dll
0x76960000 - 0x76968000 	C:\WINDOWS\system32\LINKINFO.dll
0x76970000 - 0x76996000 	C:\WINDOWS\system32\ntshrui.dll
0x76b00000 - 0x76b11000 	C:\WINDOWS\system32\ATL.DLL
0x769a0000 - 0x76a5b000 	C:\WINDOWS\system32\USERENV.dll
0x75d70000 - 0x75e01000 	C:\WINDOWS\system32\MLANG.dll
0x0c600000 - 0x0c9bc000 	C:\WINDOWS\system32\xpsp2res.dll
0x71a10000 - 0x71a50000 	C:\WINDOWS\System32\mswsock.dll
0x76f00000 - 0x76f27000 	C:\WINDOWS\system32\DNSAPI.dll
0x76f90000 - 0x76f98000 	C:\WINDOWS\System32\winrnr.dll
0x76f40000 - 0x76f6d000 	C:\WINDOWS\system32\WLDAP32.dll
0x76fa0000 - 0x76fa6000 	C:\WINDOWS\system32\rasadhlp.dll
0x60b30000 - 0x60b8e000 	C:\WINDOWS\system32\hnetcfg.dll
0x71a50000 - 0x71a58000 	C:\WINDOWS\System32\wshtcpip.dll
0x10000000 - 0x10008000 	C:\WINDOWS\BisonCam\KBHookDLL.dll
0x73d80000 - 0x73e71000 	C:\WINDOWS\system32\MFC42.DLL
0x61e40000 - 0x61e4e000 	C:\WINDOWS\system32\MFC42LOC.DLL

VM Arguments:
jvm_args: -Dfile.encoding=UTF-8
java_command: shape.DesktopFrame
Launcher Type: SUN_STANDARD

Environment Variables:
PATH=C:\Arquivos de programas\CollabNet\Subversion Client;C:\WINDOWS\system32;C:\WINDOWS;C:\WINDOWS\System32\Wbem;C:\Arquivos de programas\Arquivos comuns\DivX Shared\;C:\Arquivos de programas\Nokia\Nokia PC Suite\;C:\Arquivos de programas\TortoiseSVN\bin;C:\Arquivos de programas\Arquivos comuns\Ahead\Lib\
USERNAME=Tuxá
OS=Windows_NT
PROCESSOR_IDENTIFIER=x86 Family 6 Model 23 Stepping 10, GenuineIntel



---------------  S Y S T E M  ---------------

OS: Windows XP Build 2600 Service Pack 3

CPU:total 2 family 6, cmov, cx8, fxsr, mmx, sse, sse2

Memory: 4k page, physical 2097151k(2060688k free), swap 4194303k(4154132k free)

vm_info: Java HotSpot(TM) Client VM (1.6.0-b105) for windows-x86, built on Nov 29 2006 00:48:48 by "java_re" with unknown MS VC++:1310

